********************************************************************************
DUPLICATOR-LITE PACKAGE-LOG: 11.04.2020 20:43
NOTICE: Do NOT post to public sites or forums 
********************************************************************************
VERSION:	1.3.28
WORDPRESS:	5.4
PHP INFO:	7.4.1 | SAPI: apache2handler
SERVER:		Apache/2.4.41 (Win64) OpenSSL/1.1.1c PHP/7.4.1 
PHP TIME LIMIT: (0) no time limit imposed 
PHP MAX MEMORY: 4294967296 (512M default) 
MEMORY STACK: 6MB

********************************************************************************
DATABASE:
********************************************************************************
BUILD MODE:   MYSQLDUMP
MYSQLTIMEOUT: 5000
MYSQLDUMP:    Is Supported
SQL CREATED: 20200409_buildingscrsmok_86f3477877918aa75170_20200411204310_database.sql
SQL FILE SIZE: 152.74KB (156404)
SQL FILE TIME: 2020-04-11 20:43:33
SQL RUNTIME: 1.94 sec.

********************************************************************************
ARCHIVE (ZIP):
********************************************************************************
ARCHIVE DIR:  E:/work/xampp/htdocs/buildings
ARCHIVE FILE: 20200409_buildingscrsmok_86f3477877918aa75170_20200411204310_archive.zip
FILTERS: *OFF*
DIRS:
	not set
FILES:
	not set
EXTS:  not set
----------------------------------------
COMPRESSING
SIZE:	0B
STATS:	Dirs 0 | Files 0
SQL ADDED: 20200409_buildingscrsmok_86f3477877918aa75170_20200411204310_database.sql
ZipArchive Object
(
    [status] => 0
    [statusSys] => 0
    [numFiles] => 1
    [filename] => E:\work\xampp\htdocs\buildings\wp-snapshots\tmp\20200409_buildingscrsmok_86f3477877918aa75170_20200411204310_archive.zip
    [comment] => 
)

FILE ADDED TO ZIP: 0
COMPRESSION RESULT: '1'
COMPRESSED SIZE: 29.01KB
ARCHIVE RUNTIME: 0.09 sec.
MEMORY STACK: 6MB
building installer
add_extra_files1
add_extra_files2
add_extra_files3
add_extra_files4
Doing archive file check
add_extra_files5
add_extra_files6
add_extra_files8
Successfully opened zip E:/work/xampp/htdocs/buildings/wp-snapshots/tmp/20200409_buildingscrsmok_86f3477877918aa75170_20200411204310_archive.zip
Adding enhanced installer files to archive using ZipArchive
Installer files added to archive
Added to archive
After ziparchive close when adding installer

********************************************************************************
INTEGRITY CHECKS:
********************************************************************************
SQL FILE: 152.74KB
INSTALLER FILE: 60.53KB
ARCHIVE FILE: 1.33MB 
EXPECTED FILE/DIRECTORY COUNT: 0
ACTUAL FILE/DIRECTORY COUNT: 0
ARCHIVE CONSISTENCY TEST: Pass

********************************************************************************
RECORD ID:[3]
TOTAL PROCESS RUNTIME: 2.92 sec.
PEAK PHP MEMORY USED: 6MB
DONE PROCESSING => 20200409_buildingscrsmok 11.04.2020 20:43

